0 info it worked if it ends with ok
1 verbose cli [ 'node', '/usr/local/bin/npm', 'install', '-g', 'meteorite' ]
2 info using npm@1.4.14
3 info using node@v0.10.29
4 verbose cache add [ 'meteorite', null ]
5 verbose cache add name=undefined spec="meteorite" args=["meteorite",null]
6 verbose parsed url { protocol: null,
6 verbose parsed url   slashes: null,
6 verbose parsed url   auth: null,
6 verbose parsed url   host: null,
6 verbose parsed url   port: null,
6 verbose parsed url   hostname: null,
6 verbose parsed url   hash: null,
6 verbose parsed url   search: null,
6 verbose parsed url   query: null,
6 verbose parsed url   pathname: 'meteorite',
6 verbose parsed url   path: 'meteorite',
6 verbose parsed url   href: 'meteorite' }
7 silly lockFile 8f2f99a9-meteorite meteorite
8 verbose lock meteorite /Users/renaudvincent/.npm/8f2f99a9-meteorite.lock
9 silly lockFile 8f2f99a9-meteorite meteorite
10 silly lockFile 8f2f99a9-meteorite meteorite
11 verbose addNamed [ 'meteorite', '' ]
12 verbose addNamed [ null, '*' ]
13 silly lockFile bf6d5fee-meteorite meteorite@
14 verbose lock meteorite@ /Users/renaudvincent/.npm/bf6d5fee-meteorite.lock
15 silly addNameRange { name: 'meteorite', range: '*', hasData: false }
16 verbose url raw meteorite
17 verbose url resolving [ 'https://registry.npmjs.org/', './meteorite' ]
18 verbose url resolved https://registry.npmjs.org/meteorite
19 info trying registry request attempt 1 at 11:29:02
20 http GET https://registry.npmjs.org/meteorite
21 http 200 https://registry.npmjs.org/meteorite
22 silly registry.get cb [ 200,
22 silly registry.get   { date: 'Fri, 25 Jul 2014 15:29:03 GMT',
22 silly registry.get     server: 'CouchDB/1.5.0 (Erlang OTP/R16B03)',
22 silly registry.get     etag: '"8BZ3MRU1BEUXYVSD2FRDOK4BX"',
22 silly registry.get     'content-type': 'application/json',
22 silly registry.get     'cache-control': 'max-age=60',
22 silly registry.get     'content-length': '83235',
22 silly registry.get     'accept-ranges': 'bytes',
22 silly registry.get     via: '1.1 varnish',
22 silly registry.get     age: '2940',
22 silly registry.get     'x-served-by': 'cache-ord1725-ORD',
22 silly registry.get     'x-cache': 'MISS',
22 silly registry.get     'x-cache-hits': '0',
22 silly registry.get     'x-timer': 'S1406302143.045657,VS0,VE65',
22 silly registry.get     vary: 'Accept',
22 silly registry.get     'keep-alive': 'timeout=10, max=50',
22 silly registry.get     connection: 'Keep-Alive' } ]
23 silly addNameRange number 2 { name: 'meteorite', range: '*', hasData: true }
24 silly addNameRange versions [ 'meteorite',
24 silly addNameRange   [ '0.0.1',
24 silly addNameRange     '0.0.2',
24 silly addNameRange     '0.0.3',
24 silly addNameRange     '0.0.4',
24 silly addNameRange     '0.0.5',
24 silly addNameRange     '0.0.6',
24 silly addNameRange     '0.0.7',
24 silly addNameRange     '0.0.8',
24 silly addNameRange     '0.0.9',
24 silly addNameRange     '0.0.10',
24 silly addNameRange     '0.0.11',
24 silly addNameRange     '0.0.12',
24 silly addNameRange     '0.0.13',
24 silly addNameRange     '0.0.14',
24 silly addNameRange     '0.0.15',
24 silly addNameRange     '0.0.16',
24 silly addNameRange     '0.0.17',
24 silly addNameRange     '0.0.18',
24 silly addNameRange     '0.0.19',
24 silly addNameRange     '0.1.0',
24 silly addNameRange     '0.1.1',
24 silly addNameRange     '0.2.0',
24 silly addNameRange     '0.2.1',
24 silly addNameRange     '0.2.2',
24 silly addNameRange     '0.3.0',
24 silly addNameRange     '0.3.1',
24 silly addNameRange     '0.3.3',
24 silly addNameRange     '0.4.0',
24 silly addNameRange     '0.4.1',
24 silly addNameRange     '0.4.2',
24 silly addNameRange     '0.4.3',
24 silly addNameRange     '0.4.4',
24 silly addNameRange     '0.4.5',
24 silly addNameRange     '0.4.6',
24 silly addNameRange     '0.4.7',
24 silly addNameRange     '0.4.8',
24 silly addNameRange     '0.4.9',
24 silly addNameRange     '0.5.0',
24 silly addNameRange     '0.5.1',
24 silly addNameRange     '0.6.0',
24 silly addNameRange     '0.6.1',
24 silly addNameRange     '0.6.2',
24 silly addNameRange     '0.6.3',
24 silly addNameRange     '0.6.4',
24 silly addNameRange     '0.6.5',
24 silly addNameRange     '0.6.6',
24 silly addNameRange     '0.6.7',
24 silly addNameRange     '0.6.8',
24 silly addNameRange     '0.6.9',
24 silly addNameRange     '0.6.10',
24 silly addNameRange     '0.6.11',
24 silly addNameRange     '0.6.12',
24 silly addNameRange     '0.6.13',
24 silly addNameRange     '0.6.14',
24 silly addNameRange     '0.6.15',
24 silly addNameRange     '0.6.16',
24 silly addNameRange     '0.7.0',
24 silly addNameRange     '0.7.1',
24 silly addNameRange     '0.7.2',
24 silly addNameRange     '0.7.3',
24 silly addNameRange     '0.7.4' ] ]
25 verbose addNamed [ 'meteorite', '0.7.4' ]
26 verbose addNamed [ '0.7.4', '0.7.4' ]
27 silly lockFile a59f90ce-meteorite-0-7-4 meteorite@0.7.4
28 verbose lock meteorite@0.7.4 /Users/renaudvincent/.npm/a59f90ce-meteorite-0-7-4.lock
29 silly lockFile 7ea444ff-rg-meteorite-meteorite-0-7-4-tgz https://registry.npmjs.org/meteorite/-/meteorite-0.7.4.tgz
30 verbose lock https://registry.npmjs.org/meteorite/-/meteorite-0.7.4.tgz /Users/renaudvincent/.npm/7ea444ff-rg-meteorite-meteorite-0-7-4-tgz.lock
31 verbose addRemoteTarball [ 'https://registry.npmjs.org/meteorite/-/meteorite-0.7.4.tgz',
31 verbose addRemoteTarball   '23bcd3a63a41bbc4df3b9bf04f93ca77fc56ed8e' ]
32 info retry fetch attempt 1 at 11:29:03
33 verbose fetch to= /var/folders/r7/stq04jv10tnd0ny849zhy8t80000gn/T/npm-2002--MaM_yoL/registry.npmjs.org/meteorite/-/meteorite-0.7.4.tgz
34 http GET https://registry.npmjs.org/meteorite/-/meteorite-0.7.4.tgz
35 http 200 https://registry.npmjs.org/meteorite/-/meteorite-0.7.4.tgz
36 silly lockFile 7ea444ff-rg-meteorite-meteorite-0-7-4-tgz https://registry.npmjs.org/meteorite/-/meteorite-0.7.4.tgz
37 silly lockFile 7ea444ff-rg-meteorite-meteorite-0-7-4-tgz https://registry.npmjs.org/meteorite/-/meteorite-0.7.4.tgz
38 silly lockFile a59f90ce-meteorite-0-7-4 meteorite@0.7.4
39 silly lockFile a59f90ce-meteorite-0-7-4 meteorite@0.7.4
40 silly lockFile bf6d5fee-meteorite meteorite@
41 silly lockFile bf6d5fee-meteorite meteorite@
42 silly resolved [ { name: 'meteorite',
42 silly resolved     version: '0.7.4',
42 silly resolved     homepage: 'http://oortcloud.github.com/meteorite',
42 silly resolved     engines: [ 'node >=0.8.0' ],
42 silly resolved     description: 'Installer & smart package manager for Meteor',
42 silly resolved     author:
42 silly resolved      { name: 'Tom Coleman',
42 silly resolved        email: 'tom@percolatestudio.com',
42 silly resolved        url: 'http://percolatestudio.com' },
42 silly resolved     dependencies:
42 silly resolved      { ddp: '>=0.3.1 <0.5.0',
42 silly resolved        underscore: '1.3.3',
42 silly resolved        wrench: '1.3.9',
42 silly resolved        fstream: '>=0.1.18',
42 silly resolved        optimist: '>=0.3.4',
42 silly resolved        prompt: '0.2.11',
42 silly resolved        colors: '0.6.0-1',
42 silly resolved        async: '0.2.9',
42 silly resolved        rolling_timeout_exec: '>=0.0.1' },
42 silly resolved     devDependencies: { mocha: '>=1.2.2', connect: '>=2.3.6', which: '>=1.0.5' },
42 silly resolved     scripts:
42 silly resolved      { test: 'mocha spec/unit spec/acceptance -t 240000 -R spec',
42 silly resolved        flushcache: 'rm -rf spec/support/cache',
42 silly resolved        postinstall: 'sh ./completions/postinstall.sh' },
42 silly resolved     repository:
42 silly resolved      { type: 'git',
42 silly resolved        url: 'https://github.com/oortcloud/meteorite.git' },
42 silly resolved     bin: { mrt: './bin/mrt.js' },
42 silly resolved     bugs: { url: 'https://github.com/oortcloud/meteorite/issues' },
42 silly resolved     _id: 'meteorite@0.7.4',
42 silly resolved     dist:
42 silly resolved      { shasum: '23bcd3a63a41bbc4df3b9bf04f93ca77fc56ed8e',
42 silly resolved        tarball: 'http://registry.npmjs.org/meteorite/-/meteorite-0.7.4.tgz' },
42 silly resolved     _from: 'meteorite@',
42 silly resolved     _npmVersion: '1.3.24',
42 silly resolved     _npmUser: { name: 'tmeasday', email: 'tom@percolatestudio.com' },
42 silly resolved     maintainers: [ [Object], [Object] ],
42 silly resolved     directories: {},
42 silly resolved     _shasum: '23bcd3a63a41bbc4df3b9bf04f93ca77fc56ed8e',
42 silly resolved     _resolved: 'https://registry.npmjs.org/meteorite/-/meteorite-0.7.4.tgz' } ]
43 info install meteorite@0.7.4 into /usr/local/lib
44 info installOne meteorite@0.7.4
45 info /usr/local/lib/node_modules/meteorite unbuild
46 verbose tar unpack /Users/renaudvincent/.npm/meteorite/0.7.4/package.tgz
47 silly lockFile 91db5695-local-lib-node-modules-meteorite tar:///usr/local/lib/node_modules/meteorite
48 verbose lock tar:///usr/local/lib/node_modules/meteorite /Users/renaudvincent/.npm/91db5695-local-lib-node-modules-meteorite.lock
49 silly lockFile d545a932--npm-meteorite-0-7-4-package-tgz tar:///Users/renaudvincent/.npm/meteorite/0.7.4/package.tgz
50 verbose lock tar:///Users/renaudvincent/.npm/meteorite/0.7.4/package.tgz /Users/renaudvincent/.npm/d545a932--npm-meteorite-0-7-4-package-tgz.lock
51 silly gunzTarPerm modes [ '755', '644' ]
52 error Error: EACCES, mkdir '/usr/local/lib/node_modules/meteorite'
52 error  { [Error: EACCES, mkdir '/usr/local/lib/node_modules/meteorite']
52 error   errno: 3,
52 error   code: 'EACCES',
52 error   path: '/usr/local/lib/node_modules/meteorite',
52 error   fstream_type: 'Directory',
52 error   fstream_path: '/usr/local/lib/node_modules/meteorite',
52 error   fstream_class: 'DirWriter',
52 error   fstream_stack:
52 error    [ '/usr/local/lib/node_modules/npm/node_modules/fstream/lib/dir-writer.js:36:23',
52 error      '/usr/local/lib/node_modules/npm/node_modules/mkdirp/index.js:37:53',
52 error      'Object.oncomplete (fs.js:107:15)' ] }
53 error Please try running this command again as root/Administrator.
54 error System Darwin 14.0.0
55 error command "node" "/usr/local/bin/npm" "install" "-g" "meteorite"
56 error cwd /Users/renaudvincent/video-demo
57 error node -v v0.10.29
58 error npm -v 1.4.14
59 error path /usr/local/lib/node_modules/meteorite
60 error fstream_path /usr/local/lib/node_modules/meteorite
61 error fstream_type Directory
62 error fstream_class DirWriter
63 error code EACCES
64 error errno 3
65 error stack Error: EACCES, mkdir '/usr/local/lib/node_modules/meteorite'
66 error fstream_stack /usr/local/lib/node_modules/npm/node_modules/fstream/lib/dir-writer.js:36:23
66 error fstream_stack /usr/local/lib/node_modules/npm/node_modules/mkdirp/index.js:37:53
66 error fstream_stack Object.oncomplete (fs.js:107:15)
67 verbose exit [ 3, true ]
